0	1	mikroCARM.exe -MSF -DBG -pSTM32F107VC -RA -BIN -LHF -C -DL -SSA -O11111114 -fo72 -N"D:\Clicks_git\E\Excelon-LP_Click\SW\example\c\ARM\STM\Click_ExcelonLP_STM.mcpar" -SP"C:\Users\Public\Documents\Mikroelektronika\mikroC PRO for ARM\Defs\" -SP"C:\Users\Public\Documents\Mikroelektronika\mikroC PRO for ARM\Uses\ST M3\" -SP"D:\Clicks_git\E\Excelon-LP_Click\SW\example\c\ARM\STM\" -SP"D:\Clicks_git\E\Excelon-LP_Click\SW\library\HAL\" -SP"D:\Clicks_git\E\Excelon-LP_Click\SW\library\" -SP"C:\Users\Public\Documents\Mikroelektronika\mikroC PRO for ARM\Packages\mikroBUS Board Definition API\Uses\" -IP"C:\Users\Public\Documents\Mikroelektronika\mikroC PRO for ARM\Uses\TI M3\" -IP"D:\Clicks_git\E\Excelon-LP_Click\SW\example\c\ARM\STM\" -IP"D:\Clicks_git\E\Excelon-LP_Click\SW\library\" -IP"D:\Clicks_git\E\Excelon-LP_Click\SW\library\HAL\" -IP"C:\Users\Public\Documents\Mikroelektronika\mikroC PRO for ARM\Packages\mikroBUS Board Definition API\Uses\" "Click_ExcelonLP_STM.c" "__excelonlp_driver.c" "__Lib_Math.emcl" "__Lib_MathDouble.emcl" "__Lib_Delays.emcl" "__Lib_System_105_107.emcl" "__Lib_GPIO_32F10x_Defs.emcl" "__Lib_GPIO_32F10x.emcl" "__Lib_CString.emcl" "__Lib_Conversions.emcl" "__Lib_SPI_123.emcl" "__Lib_UART_123_45.emcl" "easymx_v7_STM32F107VC.emcl" "Click_ExcelonLP.pld"	 
diagnostics: 0	122	Compilation Started	STM32F107VC.c
diagnostics: 38838	123	Compiled Successfully	STM32F107VC.c
diagnostics: 0	122	Compilation Started	__Lib_Delays.c
diagnostics: 118	123	Compiled Successfully	__Lib_Delays.c
hint: 66	1164	Variable 'cycles_div_by_10' has been eliminated by optimizer	__Lib_Delays.c
hint: 87	1164	Variable 'NumberOfCyc' has been eliminated by optimizer	__Lib_Delays.c
hint: 104	1164	Variable 'NumberOfCyc' has been eliminated by optimizer	__Lib_Delays.c
diagnostics: 0	122	Compilation Started	__lib_gpio.h
diagnostics: 814	123	Compiled Successfully	__Lib_GPIO_32F10x_Defs.c
diagnostics: 0	122	Compilation Started	stdint.h
diagnostics: 349	123	Compiled Successfully	easymx_v7_STM32F107VC.c
diagnostics: 0	122	Compilation Started	stdint.h
error: 48	324	Undeclared identifier 'excelonlp_spiDriverInit' in expression	Click_ExcelonLP_STM.c
error: 48	317	Operator '' is not applicable to these operands ''	Click_ExcelonLP_STM.c
error: 48	402	; expected, but ')' found	Click_ExcelonLP_STM.c
error: 48	424	'}' expected ';' found	Click_ExcelonLP_STM.c
error: 54	324	Undeclared identifier 'excelonlp_sendCommand' in expression	Click_ExcelonLP_STM.c
error: 55	324	Undeclared identifier 'excelonlp_readData' in expression	Click_ExcelonLP_STM.c
error: 66	324	Undeclared identifier 'excelonlp_sendCommand' in expression	Click_ExcelonLP_STM.c
error: 69	324	Undeclared identifier 'excelonlp_sendCommand' in expression	Click_ExcelonLP_STM.c
error: 70	324	Undeclared identifier 'excelonlp_writeMemoryData' in expression	Click_ExcelonLP_STM.c
error: 77	324	Undeclared identifier 'excelonlp_readMemoryData' in expression	Click_ExcelonLP_STM.c
diagnostics: 0	122	Compilation Started	stdint.h
diagnostics: 162	123	Compiled Successfully	__excelonlp_driver.c
hint: 323	1164	Variable 'tmp' has been eliminated by optimizer	__excelonlp_driver.c
hint: 35	1164	Variable 'tmp' has been eliminated by optimizer	__excelonlp_driver.c
error: 0	102	Finished (with errors): 01 avg 2018, 17:28:27	Click_ExcelonLP_STM.mcpar
